<?xml version="1.0" encoding="UTF-8"?>
<testng-results ignored="0" total="2" passed="2" failed="0" skipped="0">
  <reporter-output>
  </reporter-output>
  <suite started-at="2021-04-04T17:34:11 BDT" name="MP_Portal" finished-at="2021-04-04T17:35:43 BDT" duration-ms="91977">
    <groups>
    </groups>
    <test started-at="2021-04-04T17:34:11 BDT" name="MP_LoginTest" finished-at="2021-04-04T17:35:35 BDT" duration-ms="83637">
      <class name="com.nanosoft.MP_Portal.Test.MP_Portal_Login">
        <test-method signature="Login_Test()[pri:0, instance:com.nanosoft.MP_Portal.Test.MP_Portal_Login@55740540]" started-at="2021-04-04T17:34:11 BDT" name="Login_Test" finished-at="2021-04-04T17:35:35 BDT" duration-ms="83577" status="PASS">
          <reporter-output>
          </reporter-output>
        </test-method> <!-- Login_Test -->
      </class> <!-- com.nanosoft.MP_Portal.Test.MP_Portal_Login -->
    </test> <!-- MP_LoginTest -->
    <test started-at="2021-04-04T17:35:35 BDT" name="Profile_N_Activities" finished-at="2021-04-04T17:35:43 BDT" duration-ms="8215">
      <class name="com.nanosoft.MP_Portal.Test.ProfileNActivities">
        <test-method signature="profileNactivitiesBanglaVersion()[pri:0, instance:com.nanosoft.MP_Portal.Test.ProfileNActivities@61d6015a]" started-at="2021-04-04T17:35:35 BDT" name="profileNactivitiesBanglaVersion" finished-at="2021-04-04T17:35:43 BDT" duration-ms="8208" status="PASS">
          <reporter-output>
          </reporter-output>
        </test-method> <!-- profileNactivitiesBanglaVersion -->
      </class> <!-- com.nanosoft.MP_Portal.Test.ProfileNActivities -->
    </test> <!-- Profile_N_Activities -->
  </suite> <!-- MP_Portal -->
</testng-results>
